<?xml version="1.0" encoding="UTF-8"?>
<testsuite name="com.api.mhusein.DemoApplicationTests" tests="1" skipped="0" failures="0" errors="0" timestamp="2019-05-24T08:02:02" hostname="DESKTOP-N1ATCE3" time="0.226">
  <properties/>
  <testcase name="contextLoads" classname="com.api.mhusein.DemoApplicationTests" time="0.226"/>
  <system-out><![CDATA[15:01:47.924 [Test worker] DEBUG org.springframework.test.context.junit4.SpringJUnit4ClassRunner - SpringJUnit4ClassRunner constructor called with [class com.api.mhusein.DemoApplicationTests]
15:01:47.955 [Test worker] DEBUG org.springframework.test.context.BootstrapUtils - Instantiating CacheAwareContextLoaderDelegate from class [org.springframework.test.context.cache.DefaultCacheAwareContextLoaderDelegate]
15:01:48.036 [Test worker] DEBUG org.springframework.test.context.BootstrapUtils - Instantiating BootstrapContext using constructor [public org.springframework.test.context.support.DefaultBootstrapContext(java.lang.Class,org.springframework.test.context.CacheAwareContextLoaderDelegate)]
15:01:48.068 [Test worker] DEBUG org.springframework.test.context.BootstrapUtils - Instantiating TestContextBootstrapper for test class [com.api.mhusein.DemoApplicationTests] from class [org.springframework.boot.test.context.SpringBootTestContextBootstrapper]
15:01:48.136 [Test worker] INFO org.springframework.boot.test.context.SpringBootTestContextBootstrapper - Neither @ContextConfiguration nor @ContextHierarchy found for test class [com.api.mhusein.DemoApplicationTests], using SpringBootContextLoader
15:01:48.156 [Test worker] DEBUG org.springframework.test.context.support.AbstractContextLoader - Did not detect default resource location for test class [com.api.mhusein.DemoApplicationTests]: class path resource [com/api/mhusein/DemoApplicationTests-context.xml] does not exist
15:01:48.156 [Test worker] DEBUG org.springframework.test.context.support.AbstractContextLoader - Did not detect default resource location for test class [com.api.mhusein.DemoApplicationTests]: class path resource [com/api/mhusein/DemoApplicationTestsContext.groovy] does not exist
15:01:48.172 [Test worker] INFO org.springframework.test.context.support.AbstractContextLoader - Could not detect default resource locations for test class [com.api.mhusein.DemoApplicationTests]: no resource found for suffixes {-context.xml, Context.groovy}.
15:01:48.172 [Test worker] INFO org.springframework.test.context.support.AnnotationConfigContextLoaderUtils - Could not detect default configuration classes for test class [com.api.mhusein.DemoApplicationTests]: DemoApplicationTests does not declare any static, non-private, non-final, nested classes annotated with @Configuration.
15:01:48.312 [Test worker] DEBUG org.springframework.test.context.support.ActiveProfilesUtils - Could not find an 'annotation declaring class' for annotation type [org.springframework.test.context.ActiveProfiles] and class [com.api.mhusein.DemoApplicationTests]
15:01:48.470 [Test worker] DEBUG org.springframework.context.annotation.ClassPathScanningCandidateComponentProvider - Identified candidate component class: file [D:\Privacy\Campus\Universitas Budiluhur\0319\mhusein\build\classes\groovy\main\com\api\mhusein\Application.class]
15:01:48.470 [Test worker] INFO org.springframework.boot.test.context.SpringBootTestContextBootstrapper - Found @SpringBootConfiguration com.api.mhusein.Application for test class com.api.mhusein.DemoApplicationTests
15:01:48.702 [Test worker] DEBUG org.springframework.boot.test.context.SpringBootTestContextBootstrapper - @TestExecutionListeners is not present for class [com.api.mhusein.DemoApplicationTests]: using defaults.
15:01:48.702 [Test worker] INFO org.springframework.boot.test.context.SpringBootTestContextBootstrapper - Loaded default TestExecutionListener class names from location [META-INF/spring.factories]: [org.springframework.boot.test.autoconfigure.restdocs.RestDocsTestExecutionListener, org.springframework.boot.test.autoconfigure.web.client.MockRestServiceServerResetTestExecutionListener, org.springframework.boot.test.autoconfigure.web.servlet.MockMvcPrintOnlyOnFailureTestExecutionListener, org.springframework.boot.test.autoconfigure.web.servlet.WebDriverTestExecutionListener, org.springframework.boot.test.mock.mockito.MockitoTestExecutionListener, org.springframework.boot.test.mock.mockito.ResetMocksTestExecutionListener, org.springframework.test.context.web.ServletTestExecutionListener, org.springframework.test.context.support.DirtiesContextBeforeModesTestExecutionListener, org.springframework.test.context.support.DependencyInjectionTestExecutionListener, org.springframework.test.context.support.DirtiesContextTestExecutionListener, org.springframework.test.context.transaction.TransactionalTestExecutionListener, org.springframework.test.context.jdbc.SqlScriptsTestExecutionListener]
15:01:48.776 [Test worker] INFO org.springframework.boot.test.context.SpringBootTestContextBootstrapper - Using TestExecutionListeners: [org.springframework.test.context.web.ServletTestExecutionListener@3bbe6c95, org.springframework.test.context.support.DirtiesContextBeforeModesTestExecutionListener@2b72521a, org.springframework.boot.test.mock.mockito.MockitoTestExecutionListener@2ddd8728, org.springframework.boot.test.autoconfigure.SpringBootDependencyInjectionTestExecutionListener@bf6a5b7, org.springframework.test.context.support.DirtiesContextTestExecutionListener@4364ba98, org.springframework.test.context.transaction.TransactionalTestExecutionListener@7abfd26c, org.springframework.test.context.jdbc.SqlScriptsTestExecutionListener@3b9afed4, org.springframework.boot.test.autoconfigure.restdocs.RestDocsTestExecutionListener@5ff2f0d, org.springframework.boot.test.autoconfigure.web.client.MockRestServiceServerResetTestExecutionListener@6329e550, org.springframework.boot.test.autoconfigure.web.servlet.MockMvcPrintOnlyOnFailureTestExecutionListener@678177eb, org.springframework.boot.test.autoconfigure.web.servlet.WebDriverTestExecutionListener@b815991, org.springframework.boot.test.mock.mockito.ResetMocksTestExecutionListener@77fa88ab]
15:01:48.792 [Test worker] DEBUG org.springframework.test.annotation.ProfileValueUtils - Retrieved @ProfileValueSourceConfiguration [null] for test class [com.api.mhusein.DemoApplicationTests]
15:01:48.792 [Test worker] DEBUG org.springframework.test.annotation.ProfileValueUtils - Retrieved ProfileValueSource type [class org.springframework.test.annotation.SystemProfileValueSource] for class [com.api.mhusein.DemoApplicationTests]
15:01:48.796 [Test worker] DEBUG org.springframework.test.annotation.ProfileValueUtils - Retrieved @ProfileValueSourceConfiguration [null] for test class [com.api.mhusein.DemoApplicationTests]
15:01:48.796 [Test worker] DEBUG org.springframework.test.annotation.ProfileValueUtils - Retrieved ProfileValueSource type [class org.springframework.test.annotation.SystemProfileValueSource] for class [com.api.mhusein.DemoApplicationTests]
15:01:48.804 [Test worker] DEBUG org.springframework.test.context.support.AbstractDirtiesContextTestExecutionListener - Before test class: context [DefaultTestContext@7ef3f4d8 testClass = DemoApplicationTests, testInstance = [null], testMethod = [null], testException = [null], mergedContextConfiguration = [WebMergedContextConfiguration@5906a464 testClass = DemoApplicationTests, locations = '{}', classes = '{class com.api.mhusein.Application}', contextInitializerClasses = '[]', activeProfiles = '{}', propertySourceLocations = '{}', propertySourceProperties = '{org.springframework.boot.test.context.SpringBootTestContextBootstrapper=true}', contextCustomizers = set[org.springframework.boot.test.autoconfigure.properties.PropertyMappingContextCustomizer@0, org.springframework.boot.test.autoconfigure.web.servlet.WebDriverContextCustomizerFactory$Customizer@1966a475, org.springframework.boot.test.context.filter.ExcludeFilterContextCustomizer@3b3e8845, org.springframework.boot.test.json.DuplicateJsonObjectContextCustomizerFactory$DuplicateJsonObjectContextCustomizer@60252589, org.springframework.boot.test.mock.mockito.MockitoContextCustomizer@0, org.springframework.boot.test.web.client.TestRestTemplateContextCustomizer@581ff5e1], resourceBasePath = 'src/main/webapp', contextLoader = 'org.springframework.boot.test.context.SpringBootContextLoader', parent = [null]], attributes = map['org.springframework.test.context.web.ServletTestExecutionListener.activateListener' -> true]], class annotated with @DirtiesContext [false] with mode [null].
15:01:48.808 [Test worker] DEBUG org.springframework.test.annotation.ProfileValueUtils - Retrieved @ProfileValueSourceConfiguration [null] for test class [com.api.mhusein.DemoApplicationTests]
15:01:48.808 [Test worker] DEBUG org.springframework.test.annotation.ProfileValueUtils - Retrieved ProfileValueSource type [class org.springframework.test.annotation.SystemProfileValueSource] for class [com.api.mhusein.DemoApplicationTests]
15:01:49.314 [Test worker] DEBUG org.springframework.test.context.support.TestPropertySourceUtils - Adding inlined properties to environment: {spring.jmx.enabled=false, org.springframework.boot.test.context.SpringBootTestContextBootstrapper=true, server.port=-1}

  .   ____          _            __ _ _
 /\\ / ___'_ __ _ _(_)_ __  __ _ \ \ \ \
( ( )\___ | '_ | '_| | '_ \/ _` | \ \ \ \
 \\/  ___)| |_)| | | | | || (_| |  ) ) ) )
  '  |____| .__|_| |_|_| |_\__, | / / / /
 =========|_|==============|___/=/_/_/_/
 :: Spring Boot ::        (v2.1.5.RELEASE)

2019-05-24 15:01:51.327  INFO 9688 --- [    Test worker] com.api.mhusein.DemoApplicationTests     : Starting DemoApplicationTests on DESKTOP-N1ATCE3 with PID 9688 (started by mhusein in D:\Privacy\Campus\Universitas Budiluhur\0319\mhusein)
2019-05-24 15:01:51.327  INFO 9688 --- [    Test worker] com.api.mhusein.DemoApplicationTests     : No active profile set, falling back to default profiles: default
2019-05-24 15:01:53.882  INFO 9688 --- [    Test worker] .s.d.r.c.RepositoryConfigurationDelegate : Bootstrapping Spring Data repositories in DEFAULT mode.
2019-05-24 15:01:54.034  INFO 9688 --- [    Test worker] .s.d.r.c.RepositoryConfigurationDelegate : Finished Spring Data repository scanning in 136ms. Found 1 repository interfaces.
2019-05-24 15:01:55.070  INFO 9688 --- [    Test worker] trationDelegate$BeanPostProcessorChecker : Bean 'org.springframework.transaction.annotation.ProxyTransactionManagementConfiguration' of type [org.springframework.transaction.annotation.ProxyTransactionManagementConfiguration$$EnhancerBySpringCGLIB$$a37dbf3] is not eligible for getting processed by all BeanPostProcessors (for example: not eligible for auto-proxying)
2019-05-24 15:01:55.147  INFO 9688 --- [    Test worker] trationDelegate$BeanPostProcessorChecker : Bean 'org.springframework.hateoas.config.HateoasConfiguration' of type [org.springframework.hateoas.config.HateoasConfiguration$$EnhancerBySpringCGLIB$$89b82925] is not eligible for getting processed by all BeanPostProcessors (for example: not eligible for auto-proxying)
2019-05-24 15:01:55.594  INFO 9688 --- [    Test worker] com.zaxxer.hikari.HikariDataSource       : HikariPool-1 - Starting...
2019-05-24 15:01:56.145  INFO 9688 --- [    Test worker] com.zaxxer.hikari.HikariDataSource       : HikariPool-1 - Start completed.
2019-05-24 15:01:56.266  INFO 9688 --- [    Test worker] o.hibernate.jpa.internal.util.LogHelper  : HHH000204: Processing PersistenceUnitInfo [
	name: default
	...]
2019-05-24 15:01:56.344  INFO 9688 --- [    Test worker] org.hibernate.Version                    : HHH000412: Hibernate Core {5.3.10.Final}
2019-05-24 15:01:56.344  INFO 9688 --- [    Test worker] org.hibernate.cfg.Environment            : HHH000206: hibernate.properties not found
2019-05-24 15:01:56.599  INFO 9688 --- [    Test worker] o.hibernate.annotations.common.Version   : HCANN000001: Hibernate Commons Annotations {5.0.4.Final}
2019-05-24 15:01:56.672 DEBUG 9688 --- [    Test worker] org.hibernate.type.BasicTypeRegistry     : Adding type registration boolean -> org.hibernate.type.BooleanType@59b8bee9
2019-05-24 15:01:56.672 DEBUG 9688 --- [    Test worker] org.hibernate.type.BasicTypeRegistry     : Adding type registration boolean -> org.hibernate.type.BooleanType@59b8bee9
2019-05-24 15:01:56.672 DEBUG 9688 --- [    Test worker] org.hibernate.type.BasicTypeRegistry     : Adding type registration java.lang.Boolean -> org.hibernate.type.BooleanType@59b8bee9
2019-05-24 15:01:56.672 DEBUG 9688 --- [    Test worker] org.hibernate.type.BasicTypeRegistry     : Adding type registration numeric_boolean -> org.hibernate.type.NumericBooleanType@797458be
2019-05-24 15:01:56.672 DEBUG 9688 --- [    Test worker] org.hibernate.type.BasicTypeRegistry     : Adding type registration true_false -> org.hibernate.type.TrueFalseType@172815e4
2019-05-24 15:01:56.672 DEBUG 9688 --- [    Test worker] org.hibernate.type.BasicTypeRegistry     : Adding type registration yes_no -> org.hibernate.type.YesNoType@22aa6633
2019-05-24 15:01:56.672 DEBUG 9688 --- [    Test worker] org.hibernate.type.BasicTypeRegistry     : Adding type registration byte -> org.hibernate.type.ByteType@24402de3
2019-05-24 15:01:56.672 DEBUG 9688 --- [    Test worker] org.hibernate.type.BasicTypeRegistry     : Adding type registration byte -> org.hibernate.type.ByteType@24402de3
2019-05-24 15:01:56.672 DEBUG 9688 --- [    Test worker] org.hibernate.type.BasicTypeRegistry     : Adding type registration java.lang.Byte -> org.hibernate.type.ByteType@24402de3
2019-05-24 15:01:56.672 DEBUG 9688 --- [    Test worker] org.hibernate.type.BasicTypeRegistry     : Adding type registration character -> org.hibernate.type.CharacterType@5e3f358d
2019-05-24 15:01:56.672 DEBUG 9688 --- [    Test worker] org.hibernate.type.BasicTypeRegistry     : Adding type registration char -> org.hibernate.type.CharacterType@5e3f358d
2019-05-24 15:01:56.687 DEBUG 9688 --- [    Test worker] org.hibernate.type.BasicTypeRegistry     : Adding type registration java.lang.Character -> org.hibernate.type.CharacterType@5e3f358d
2019-05-24 15:01:56.687 DEBUG 9688 --- [    Test worker] org.hibernate.type.BasicTypeRegistry     : Adding type registration short -> org.hibernate.type.ShortType@77c4b596
2019-05-24 15:01:56.687 DEBUG 9688 --- [    Test worker] org.hibernate.type.BasicTypeRegistry     : Adding type registration short -> org.hibernate.type.ShortType@77c4b596
2019-05-24 15:01:56.687 DEBUG 9688 --- [    Test worker] org.hibernate.type.BasicTypeRegistry     : Adding type registration java.lang.Short -> org.hibernate.type.ShortType@77c4b596
2019-05-24 15:01:56.687 DEBUG 9688 --- [    Test worker] org.hibernate.type.BasicTypeRegistry     : Adding type registration integer -> org.hibernate.type.IntegerType@4059f25b
2019-05-24 15:01:56.687 DEBUG 9688 --- [    Test worker] org.hibernate.type.BasicTypeRegistry     : Adding type registration int -> org.hibernate.type.IntegerType@4059f25b
2019-05-24 15:01:56.687 DEBUG 9688 --- [    Test worker] org.hibernate.type.BasicTypeRegistry     : Adding type registration java.lang.Integer -> org.hibernate.type.IntegerType@4059f25b
2019-05-24 15:01:56.703 DEBUG 9688 --- [    Test worker] org.hibernate.type.BasicTypeRegistry     : Adding type registration long -> org.hibernate.type.LongType@ef545a4
2019-05-24 15:01:56.703 DEBUG 9688 --- [    Test worker] org.hibernate.type.BasicTypeRegistry     : Adding type registration long -> org.hibernate.type.LongType@ef545a4
2019-05-24 15:01:56.703 DEBUG 9688 --- [    Test worker] org.hibernate.type.BasicTypeRegistry     : Adding type registration java.lang.Long -> org.hibernate.type.LongType@ef545a4
2019-05-24 15:01:56.703 DEBUG 9688 --- [    Test worker] org.hibernate.type.BasicTypeRegistry     : Adding type registration float -> org.hibernate.type.FloatType@485f0e50
2019-05-24 15:01:56.703 DEBUG 9688 --- [    Test worker] org.hibernate.type.BasicTypeRegistry     : Adding type registration float -> org.hibernate.type.FloatType@485f0e50
2019-05-24 15:01:56.703 DEBUG 9688 --- [    Test worker] org.hibernate.type.BasicTypeRegistry     : Adding type registration java.lang.Float -> org.hibernate.type.FloatType@485f0e50
2019-05-24 15:01:56.703 DEBUG 9688 --- [    Test worker] org.hibernate.type.BasicTypeRegistry     : Adding type registration double -> org.hibernate.type.DoubleType@265963ab
2019-05-24 15:01:56.703 DEBUG 9688 --- [    Test worker] org.hibernate.type.BasicTypeRegistry     : Adding type registration double -> org.hibernate.type.DoubleType@265963ab
2019-05-24 15:01:56.703 DEBUG 9688 --- [    Test worker] org.hibernate.type.BasicTypeRegistry     : Adding type registration java.lang.Double -> org.hibernate.type.DoubleType@265963ab
2019-05-24 15:01:56.703 DEBUG 9688 --- [    Test worker] org.hibernate.type.BasicTypeRegistry     : Adding type registration big_decimal -> org.hibernate.type.BigDecimalType@5ae6b3e1
2019-05-24 15:01:56.703 DEBUG 9688 --- [    Test worker] org.hibernate.type.BasicTypeRegistry     : Adding type registration java.math.BigDecimal -> org.hibernate.type.BigDecimalType@5ae6b3e1
2019-05-24 15:01:56.703 DEBUG 9688 --- [    Test worker] org.hibernate.type.BasicTypeRegistry     : Adding type registration big_integer -> org.hibernate.type.BigIntegerType@54ce7250
2019-05-24 15:01:56.703 DEBUG 9688 --- [    Test worker] org.hibernate.type.BasicTypeRegistry     : Adding type registration java.math.BigInteger -> org.hibernate.type.BigIntegerType@54ce7250
2019-05-24 15:01:56.703 DEBUG 9688 --- [    Test worker] org.hibernate.type.BasicTypeRegistry     : Adding type registration string -> org.hibernate.type.StringType@9cc38fd
2019-05-24 15:01:56.703 DEBUG 9688 --- [    Test worker] org.hibernate.type.BasicTypeRegistry     : Adding type registration java.lang.String -> org.hibernate.type.StringType@9cc38fd
2019-05-24 15:01:56.718 DEBUG 9688 --- [    Test worker] org.hibernate.type.BasicTypeRegistry     : Adding type registration nstring -> org.hibernate.type.StringNVarcharType@7f782b60
2019-05-24 15:01:56.718 DEBUG 9688 --- [    Test worker] org.hibernate.type.BasicTypeRegistry     : Adding type registration ncharacter -> org.hibernate.type.CharacterNCharType@4b5c700c
2019-05-24 15:01:56.718 DEBUG 9688 --- [    Test worker] org.hibernate.type.BasicTypeRegistry     : Adding type registration url -> org.hibernate.type.UrlType@3a9df3c9
2019-05-24 15:01:56.718 DEBUG 9688 --- [    Test worker] org.hibernate.type.BasicTypeRegistry     : Adding type registration java.net.URL -> org.hibernate.type.UrlType@3a9df3c9
2019-05-24 15:01:56.718 DEBUG 9688 --- [    Test worker] org.hibernate.type.BasicTypeRegistry     : Adding type registration Duration -> org.hibernate.type.DurationType@11d2c242
2019-05-24 15:01:56.718 DEBUG 9688 --- [    Test worker] org.hibernate.type.BasicTypeRegistry     : Adding type registration java.time.Duration -> org.hibernate.type.DurationType@11d2c242
2019-05-24 15:01:56.718 DEBUG 9688 --- [    Test worker] org.hibernate.type.BasicTypeRegistry     : Adding type registration Instant -> org.hibernate.type.InstantType@79f28242
2019-05-24 15:01:56.718 DEBUG 9688 --- [    Test worker] org.hibernate.type.BasicTypeRegistry     : Adding type registration java.time.Instant -> org.hibernate.type.InstantType@79f28242
2019-05-24 15:01:56.718 DEBUG 9688 --- [    Test worker] org.hibernate.type.BasicTypeRegistry     : Adding type registration LocalDateTime -> org.hibernate.type.LocalDateTimeType@45bcbe16
2019-05-24 15:01:56.718 DEBUG 9688 --- [    Test worker] org.hibernate.type.BasicTypeRegistry     : Adding type registration java.time.LocalDateTime -> org.hibernate.type.LocalDateTimeType@45bcbe16
2019-05-24 15:01:56.734 DEBUG 9688 --- [    Test worker] org.hibernate.type.BasicTypeRegistry     : Adding type registration LocalDate -> org.hibernate.type.LocalDateType@351b6b6
2019-05-24 15:01:56.734 DEBUG 9688 --- [    Test worker] org.hibernate.type.BasicTypeRegistry     : Adding type registration java.time.LocalDate -> org.hibernate.type.LocalDateType@351b6b6
2019-05-24 15:01:56.742 DEBUG 9688 --- [    Test worker] org.hibernate.type.BasicTypeRegistry     : Adding type registration LocalTime -> org.hibernate.type.LocalTimeType@8c7aa68
2019-05-24 15:01:56.742 DEBUG 9688 --- [    Test worker] org.hibernate.type.BasicTypeRegistry     : Adding type registration java.time.LocalTime -> org.hibernate.type.LocalTimeType@8c7aa68
2019-05-24 15:01:56.747 DEBUG 9688 --- [    Test worker] org.hibernate.type.BasicTypeRegistry     : Adding type registration OffsetDateTime -> org.hibernate.type.OffsetDateTimeType@224d3ae9
2019-05-24 15:01:56.747 DEBUG 9688 --- [    Test worker] org.hibernate.type.BasicTypeRegistry     : Adding type registration java.time.OffsetDateTime -> org.hibernate.type.OffsetDateTimeType@224d3ae9
2019-05-24 15:01:56.755 DEBUG 9688 --- [    Test worker] org.hibernate.type.BasicTypeRegistry     : Adding type registration OffsetTime -> org.hibernate.type.OffsetTimeType@7005d2dc
2019-05-24 15:01:56.755 DEBUG 9688 --- [    Test worker] org.hibernate.type.BasicTypeRegistry     : Adding type registration java.time.OffsetTime -> org.hibernate.type.OffsetTimeType@7005d2dc
2019-05-24 15:01:56.759 DEBUG 9688 --- [    Test worker] org.hibernate.type.BasicTypeRegistry     : Adding type registration ZonedDateTime -> org.hibernate.type.ZonedDateTimeType@6e875b8a
2019-05-24 15:01:56.759 DEBUG 9688 --- [    Test worker] org.hibernate.type.BasicTypeRegistry     : Adding type registration java.time.ZonedDateTime -> org.hibernate.type.ZonedDateTimeType@6e875b8a
2019-05-24 15:01:56.763 DEBUG 9688 --- [    Test worker] org.hibernate.type.BasicTypeRegistry     : Adding type registration date -> org.hibernate.type.DateType@3a5f9964
2019-05-24 15:01:56.763 DEBUG 9688 --- [    Test worker] org.hibernate.type.BasicTypeRegistry     : Adding type registration java.sql.Date -> org.hibernate.type.DateType@3a5f9964
2019-05-24 15:01:56.767 DEBUG 9688 --- [    Test worker] org.hibernate.type.BasicTypeRegistry     : Adding type registration time -> org.hibernate.type.TimeType@ca0829a
2019-05-24 15:01:56.767 DEBUG 9688 --- [    Test worker] org.hibernate.type.BasicTypeRegistry     : Adding type registration java.sql.Time -> org.hibernate.type.TimeType@ca0829a
2019-05-24 15:01:56.767 DEBUG 9688 --- [    Test worker] org.hibernate.type.BasicTypeRegistry     : Adding type registration timestamp -> org.hibernate.type.TimestampType@818203e
2019-05-24 15:01:56.767 DEBUG 9688 --- [    Test worker] org.hibernate.type.BasicTypeRegistry     : Adding type registration java.sql.Timestamp -> org.hibernate.type.TimestampType@818203e
2019-05-24 15:01:56.767 DEBUG 9688 --- [    Test worker] org.hibernate.type.BasicTypeRegistry     : Adding type registration java.util.Date -> org.hibernate.type.TimestampType@818203e
2019-05-24 15:01:56.772 DEBUG 9688 --- [    Test worker] org.hibernate.type.BasicTypeRegistry     : Adding type registration dbtimestamp -> org.hibernate.type.DbTimestampType@5ae36124
2019-05-24 15:01:56.772 DEBUG 9688 --- [    Test worker] org.hibernate.type.BasicTypeRegistry     : Adding type registration calendar -> org.hibernate.type.CalendarType@ef0e6f
2019-05-24 15:01:56.772 DEBUG 9688 --- [    Test worker] org.hibernate.type.BasicTypeRegistry     : Adding type registration java.util.Calendar -> org.hibernate.type.CalendarType@ef0e6f
2019-05-24 15:01:56.772 DEBUG 9688 --- [    Test worker] org.hibernate.type.BasicTypeRegistry     : Adding type registration java.util.GregorianCalendar -> org.hibernate.type.CalendarType@ef0e6f
2019-05-24 15:01:56.772 DEBUG 9688 --- [    Test worker] org.hibernate.type.BasicTypeRegistry     : Adding type registration calendar_date -> org.hibernate.type.CalendarDateType@5fe83266
2019-05-24 15:01:56.772 DEBUG 9688 --- [    Test worker] org.hibernate.type.BasicTypeRegistry     : Adding type registration locale -> org.hibernate.type.LocaleType@7d446ca3
2019-05-24 15:01:56.772 DEBUG 9688 --- [    Test worker] org.hibernate.type.BasicTypeRegistry     : Adding type registration java.util.Locale -> org.hibernate.type.LocaleType@7d446ca3
2019-05-24 15:01:56.772 DEBUG 9688 --- [    Test worker] org.hibernate.type.BasicTypeRegistry     : Adding type registration currency -> org.hibernate.type.CurrencyType@babe574
2019-05-24 15:01:56.772 DEBUG 9688 --- [    Test worker] org.hibernate.type.BasicTypeRegistry     : Adding type registration java.util.Currency -> org.hibernate.type.CurrencyType@babe574
2019-05-24 15:01:56.772 DEBUG 9688 --- [    Test worker] org.hibernate.type.BasicTypeRegistry     : Adding type registration timezone -> org.hibernate.type.TimeZoneType@4a652d62
2019-05-24 15:01:56.772 DEBUG 9688 --- [    Test worker] org.hibernate.type.BasicTypeRegistry     : Adding type registration java.util.TimeZone -> org.hibernate.type.TimeZoneType@4a652d62
2019-05-24 15:01:56.772 DEBUG 9688 --- [    Test worker] org.hibernate.type.BasicTypeRegistry     : Adding type registration class -> org.hibernate.type.ClassType@14fd0897
2019-05-24 15:01:56.772 DEBUG 9688 --- [    Test worker] org.hibernate.type.BasicTypeRegistry     : Adding type registration java.lang.Class -> org.hibernate.type.ClassType@14fd0897
2019-05-24 15:01:56.787 DEBUG 9688 --- [    Test worker] org.hibernate.type.BasicTypeRegistry     : Adding type registration uuid-binary -> org.hibernate.type.UUIDBinaryType@20e1fded
2019-05-24 15:01:56.787 DEBUG 9688 --- [    Test worker] org.hibernate.type.BasicTypeRegistry     : Adding type registration java.util.UUID -> org.hibernate.type.UUIDBinaryType@20e1fded
2019-05-24 15:01:56.787 DEBUG 9688 --- [    Test worker] org.hibernate.type.BasicTypeRegistry     : Adding type registration uuid-char -> org.hibernate.type.UUIDCharType@7c300d56
2019-05-24 15:01:56.787 DEBUG 9688 --- [    Test worker] org.hibernate.type.BasicTypeRegistry     : Adding type registration binary -> org.hibernate.type.BinaryType@cd7a210
2019-05-24 15:01:56.787 DEBUG 9688 --- [    Test worker] org.hibernate.type.BasicTypeRegistry     : Adding type registration byte[] -> org.hibernate.type.BinaryType@cd7a210
2019-05-24 15:01:56.787 DEBUG 9688 --- [    Test worker] org.hibernate.type.BasicTypeRegistry     : Adding type registration [B -> org.hibernate.type.BinaryType@cd7a210
2019-05-24 15:01:56.787 DEBUG 9688 --- [    Test worker] org.hibernate.type.BasicTypeRegistry     : Adding type registration wrapper-binary -> org.hibernate.type.WrapperBinaryType@6e0cdc53
2019-05-24 15:01:56.787 DEBUG 9688 --- [    Test worker] org.hibernate.type.BasicTypeRegistry     : Adding type registration Byte[] -> org.hibernate.type.WrapperBinaryType@6e0cdc53
2019-05-24 15:01:56.787 DEBUG 9688 --- [    Test worker] org.hibernate.type.BasicTypeRegistry     : Adding type registration [Ljava.lang.Byte; -> org.hibernate.type.WrapperBinaryType@6e0cdc53
2019-05-24 15:01:56.787 DEBUG 9688 --- [    Test worker] org.hibernate.type.BasicTypeRegistry     : Adding type registration row_version -> org.hibernate.type.RowVersionType@48361aaf
2019-05-24 15:01:56.787 DEBUG 9688 --- [    Test worker] org.hibernate.type.BasicTypeRegistry     : Adding type registration image -> org.hibernate.type.ImageType@79253717
2019-05-24 15:01:56.787 DEBUG 9688 --- [    Test worker] org.hibernate.type.BasicTypeRegistry     : Adding type registration characters -> org.hibernate.type.CharArrayType@5bd311c6
2019-05-24 15:01:56.803 DEBUG 9688 --- [    Test worker] org.hibernate.type.BasicTypeRegistry     : Adding type registration char[] -> org.hibernate.type.CharArrayType@5bd311c6
2019-05-24 15:01:56.803 DEBUG 9688 --- [    Test worker] org.hibernate.type.BasicTypeRegistry     : Adding type registration [C -> org.hibernate.type.CharArrayType@5bd311c6
2019-05-24 15:01:56.803 DEBUG 9688 --- [    Test worker] org.hibernate.type.BasicTypeRegistry     : Adding type registration wrapper-characters -> org.hibernate.type.CharacterArrayType@51fb4230
2019-05-24 15:01:56.803 DEBUG 9688 --- [    Test worker] org.hibernate.type.BasicTypeRegistry     : Adding type registration [Ljava.lang.Character; -> org.hibernate.type.CharacterArrayType@51fb4230
2019-05-24 15:01:56.803 DEBUG 9688 --- [    Test worker] org.hibernate.type.BasicTypeRegistry     : Adding type registration Character[] -> org.hibernate.type.CharacterArrayType@51fb4230
2019-05-24 15:01:56.803 DEBUG 9688 --- [    Test worker] org.hibernate.type.BasicTypeRegistry     : Adding type registration text -> org.hibernate.type.TextType@4d1e966d
2019-05-24 15:01:56.803 DEBUG 9688 --- [    Test worker] org.hibernate.type.BasicTypeRegistry     : Adding type registration ntext -> org.hibernate.type.NTextType@66aa740f
2019-05-24 15:01:56.803 DEBUG 9688 --- [    Test worker] org.hibernate.type.BasicTypeRegistry     : Adding type registration blob -> org.hibernate.type.BlobType@6ff51b46
2019-05-24 15:01:56.803 DEBUG 9688 --- [    Test worker] org.hibernate.type.BasicTypeRegistry     : Adding type registration java.sql.Blob -> org.hibernate.type.BlobType@6ff51b46
2019-05-24 15:01:56.803 DEBUG 9688 --- [    Test worker] org.hibernate.type.BasicTypeRegistry     : Adding type registration materialized_blob -> org.hibernate.type.MaterializedBlobType@63e1b678
2019-05-24 15:01:56.803 DEBUG 9688 --- [    Test worker] org.hibernate.type.BasicTypeRegistry     : Adding type registration clob -> org.hibernate.type.ClobType@651e367c
2019-05-24 15:01:56.803 DEBUG 9688 --- [    Test worker] org.hibernate.type.BasicTypeRegistry     : Adding type registration java.sql.Clob -> org.hibernate.type.ClobType@651e367c
2019-05-24 15:01:56.803 DEBUG 9688 --- [    Test worker] org.hibernate.type.BasicTypeRegistry     : Adding type registration nclob -> org.hibernate.type.NClobType@6ba9f659
2019-05-24 15:01:56.803 DEBUG 9688 --- [    Test worker] org.hibernate.type.BasicTypeRegistry     : Adding type registration java.sql.NClob -> org.hibernate.type.NClobType@6ba9f659
2019-05-24 15:01:56.819 DEBUG 9688 --- [    Test worker] org.hibernate.type.BasicTypeRegistry     : Adding type registration materialized_clob -> org.hibernate.type.MaterializedClobType@411f33a9
2019-05-24 15:01:56.819 DEBUG 9688 --- [    Test worker] org.hibernate.type.BasicTypeRegistry     : Adding type registration materialized_nclob -> org.hibernate.type.MaterializedNClobType@5d7e13f
2019-05-24 15:01:56.819 DEBUG 9688 --- [    Test worker] org.hibernate.type.BasicTypeRegistry     : Adding type registration serializable -> org.hibernate.type.SerializableType@4ff926db
2019-05-24 15:01:56.819 DEBUG 9688 --- [    Test worker] org.hibernate.type.BasicTypeRegistry     : Adding type registration object -> org.hibernate.type.ObjectType@422cfa1e
2019-05-24 15:01:56.819 DEBUG 9688 --- [    Test worker] org.hibernate.type.BasicTypeRegistry     : Adding type registration java.lang.Object -> org.hibernate.type.ObjectType@422cfa1e
2019-05-24 15:01:56.819 DEBUG 9688 --- [    Test worker] org.hibernate.type.BasicTypeRegistry     : Adding type registration imm_date -> org.hibernate.type.AdaptedImmutableType@762942f4
2019-05-24 15:01:56.819 DEBUG 9688 --- [    Test worker] org.hibernate.type.BasicTypeRegistry     : Adding type registration imm_time -> org.hibernate.type.AdaptedImmutableType@6ba06638
2019-05-24 15:01:56.819 DEBUG 9688 --- [    Test worker] org.hibernate.type.BasicTypeRegistry     : Adding type registration imm_timestamp -> org.hibernate.type.AdaptedImmutableType@19b52d7f
2019-05-24 15:01:56.819 DEBUG 9688 --- [    Test worker] org.hibernate.type.BasicTypeRegistry     : Adding type registration imm_dbtimestamp -> org.hibernate.type.AdaptedImmutableType@4fe76409
2019-05-24 15:01:56.819 DEBUG 9688 --- [    Test worker] org.hibernate.type.BasicTypeRegistry     : Adding type registration imm_calendar -> org.hibernate.type.AdaptedImmutableType@7365a1e3
2019-05-24 15:01:56.819 DEBUG 9688 --- [    Test worker] org.hibernate.type.BasicTypeRegistry     : Adding type registration imm_calendar_date -> org.hibernate.type.AdaptedImmutableType@1b1c9811
2019-05-24 15:01:56.819 DEBUG 9688 --- [    Test worker] org.hibernate.type.BasicTypeRegistry     : Adding type registration imm_binary -> org.hibernate.type.AdaptedImmutableType@2b7280d8
2019-05-24 15:01:56.819 DEBUG 9688 --- [    Test worker] org.hibernate.type.BasicTypeRegistry     : Adding type registration imm_serializable -> org.hibernate.type.AdaptedImmutableType@5f416e93
2019-05-24 15:01:56.964  INFO 9688 --- [    Test worker] org.hibernate.dialect.Dialect            : HHH000400: Using dialect: org.hibernate.dialect.MySQL5InnoDBDialect
2019-05-24 15:01:57.051 DEBUG 9688 --- [    Test worker] o.h.type.spi.TypeConfiguration$Scope     : Scoping TypeConfiguration [org.hibernate.type.spi.TypeConfiguration@6ecb5ab7] to MetadataBuildingContext [org.hibernate.boot.internal.MetadataBuildingContextRootImpl@341dfae9]
2019-05-24 15:01:57.437 DEBUG 9688 --- [    Test worker] o.h.type.spi.TypeConfiguration$Scope     : Scoping TypeConfiguration [org.hibernate.type.spi.TypeConfiguration@6ecb5ab7] to SessionFactoryImpl [org.hibernate.internal.SessionFactoryImpl@1e0e01a7]
2019-05-24 15:01:57.974 TRACE 9688 --- [    Test worker] o.h.type.spi.TypeConfiguration$Scope     : Handling #sessionFactoryCreated from [org.hibernate.internal.SessionFactoryImpl@1e0e01a7] for TypeConfiguration
2019-05-24 15:01:57.974  INFO 9688 --- [    Test worker] j.LocalContainerEntityManagerFactoryBean : Initialized JPA EntityManagerFactory for persistence unit 'default'
2019-05-24 15:02:00.733  INFO 9688 --- [    Test worker] o.s.s.concurrent.ThreadPoolTaskExecutor  : Initializing ExecutorService 'applicationTaskExecutor'
2019-05-24 15:02:00.850  WARN 9688 --- [    Test worker] aWebConfiguration$JpaWebMvcConfiguration : spring.jpa.open-in-view is enabled by default. Therefore, database queries may be performed during view rendering. Explicitly configure spring.jpa.open-in-view to disable this warning
2019-05-24 15:02:02.645  INFO 9688 --- [    Test worker] o.s.b.a.e.web.EndpointLinksResolver      : Exposing 2 endpoint(s) beneath base path '/actuator'
2019-05-24 15:02:02.805  INFO 9688 --- [    Test worker] com.api.mhusein.DemoApplicationTests     : Started DemoApplicationTests in 13.408 seconds (JVM running for 17.116)
]]></system-out>
  <system-err><![CDATA[]]></system-err>
</testsuite>
